{
  "RSpec": {
    "coverage": {
      "/home/portertech/projects/sensu/sensu/lib/sensu/api/process.rb": [
        1,
        null,
        1,
        1,
        null,
        1,
        1,
        1,
        null,
        null,
        1,
        null,
        1,
        1,
        1,
        1,
        null,
        1,
        1,
        null,
        1,
        0,
        0,
        0,
        0,
        0,
        null,
        null,
        null,
        1,
        45,
        45,
        45,
        45,
        45,
        null,
        null,
        null,
        1,
        45,
        45,
        45,
        45,
        45,
        45,
        45,
        null,
        null,
        null,
        null,
        null,
        45,
        45,
        null,
        null,
        1,
        45,
        45,
        45,
        45,
        null,
        null,
        1,
        0,
        0,
        0,
        0,
        0,
        null,
        null,
        null,
        null,
        1,
        45,
        45,
        null,
        null,
        1,
        0,
        0,
        0,
        0,
        0,
        null,
        null,
        null,
        1,
        45,
        45,
        null,
        null,
        null,
        1,
        1,
        1,
        null,
        null,
        1,
        11,
        null,
        null,
        1,
        0,
        null,
        null,
        1,
        1,
        49,
        null,
        null,
        null,
        null,
        null,
        null,
        49,
        null,
        null,
        1,
        48,
        48,
        2,
        2,
        null,
        null,
        null,
        1,
        48,
        null,
        48,
        null,
        null,
        null,
        null,
        1,
        7,
        null,
        null,
        1,
        2,
        null,
        null,
        1,
        11,
        null,
        null,
        1,
        2,
        null,
        null,
        1,
        2,
        2,
        null,
        null,
        1,
        4,
        4,
        null,
        null,
        1,
        4,
        null,
        null,
        1,
        3,
        3,
        null,
        null,
        1,
        13,
        13,
        11,
        20,
        null,
        11,
        6,
        null,
        5,
        null,
        2,
        2,
        null,
        null,
        null,
        1,
        19,
        null,
        null,
        1,
        5,
        5,
        5,
        2,
        null,
        null,
        null,
        null,
        2,
        2,
        null,
        3,
        null,
        null,
        null,
        1,
        4,
        null,
        null,
        null,
        null,
        null,
        null,
        null,
        null,
        null,
        null,
        4,
        4,
        4,
        4,
        4,
        4,
        null,
        null,
        null,
        0,
        null,
        null,
        null,
        1,
        3,
        3,
        null,
        null,
        null,
        null,
        null,
        null,
        3,
        3,
        null,
        null,
        null,
        3,
        3,
        3,
        0,
        null,
        null,
        null,
        null,
        null,
        null,
        null,
        null,
        1,
        49,
        49,
        49,
        196,
        null,
        49,
        null,
        null,
        1,
        1,
        null,
        null,
        1,
        1,
        1,
        null,
        null,
        null,
        null,
        null,
        null,
        null,
        null,
        1,
        null,
        null,
        null,
        1,
        3,
        3,
        3,
        3,
        3,
        3,
        3,
        3,
        null,
        3,
        2,
        2,
        null,
        3,
        null,
        null,
        0,
        null,
        null,
        null,
        1,
        1,
        1,
        1,
        1,
        1,
        1,
        1,
        1,
        1,
        null,
        null,
        null,
        null,
        0,
        null,
        null,
        null,
        null,
        1,
        2,
        2,
        1,
        null,
        1,
        null,
        null,
        null,
        null,
        1,
        1,
        1,
        1,
        1,
        2,
        2,
        2,
        1,
        null,
        2,
        2,
        2,
        1,
        null,
        null,
        null,
        null,
        null,
        1,
        null,
        2,
        1,
        null,
        null,
        null,
        null,
        null,
        0,
        null,
        null,
        null,
        null,
        1,
        2,
        2,
        1,
        1,
        1,
        null,
        1,
        0,
        0,
        null,
        null,
        0,
        0,
        0,
        0,
        0,
        0,
        0,
        null,
        0,
        null,
        null,
        null,
        1,
        null,
        null,
        1,
        null,
        null,
        null,
        null,
        1,
        1,
        null,
        null,
        1,
        2,
        1,
        1,
        null,
        1,
        null,
        null,
        null,
        1,
        4,
        null,
        null,
        null,
        4,
        2,
        1,
        1,
        1,
        null,
        null,
        null,
        null,
        1,
        null,
        null,
        null,
        1,
        1,
        1,
        0,
        null,
        null,
        null,
        null,
        null,
        null,
        null,
        1,
        null,
        1,
        null,
        null,
        null,
        null,
        1,
        2,
        2,
        2,
        2,
        2,
        2,
        2,
        null,
        2,
        2,
        null,
        null,
        null,
        null,
        0,
        null,
        null,
        null,
        null,
        1,
        1,
        1,
        1,
        1,
        null,
        1,
        null,
        null,
        null,
        1,
        2,
        2,
        2,
        1,
        null,
        1,
        null,
        null,
        null,
        null,
        1,
        2,
        2,
        1,
        1,
        null,
        1,
        null,
        null,
        null,
        null,
        1,
        4,
        null,
        null,
        null,
        4,
        2,
        2,
        1,
        1,
        null,
        1,
        null,
        null,
        null,
        null,
        null,
        1,
        1,
        1,
        1,
        1,
        1,
        1,
        1,
        1,
        null,
        1,
        null,
        null,
        null,
        1,
        1,
        1,
        null,
        null,
        null,
        null,
        0,
        null,
        null,
        null,
        null,
        1,
        3,
        3,
        3,
        3,
        9,
        null,
        3,
        3,
        1,
        1,
        3,
        null,
        null,
        3,
        null,
        0,
        null,
        null,
        null,
        null,
        1,
        2,
        2,
        1,
        1,
        1,
        1,
        null,
        1,
        1,
        1,
        null,
        null,
        null,
        1,
        null,
        null,
        null,
        null,
        1,
        2,
        2,
        2,
        1,
        5,
        5,
        null,
        1,
        1,
        1,
        1,
        null,
        1,
        1,
        1,
        1,
        1,
        1,
        null,
        1,
        null,
        null,
        1,
        1,
        null,
        1,
        null,
        null,
        1,
        null,
        null,
        null,
        null,
        1,
        2,
        1,
        1,
        1,
        null,
        null,
        null,
        null,
        null,
        1,
        2,
        2,
        1,
        null,
        1,
        null,
        null,
        null,
        null,
        1,
        2,
        2,
        1,
        1,
        1,
        null,
        null,
        null,
        1,
        null,
        null,
        null,
        null,
        1,
        1,
        1,
        1,
        1,
        1,
        1,
        1,
        1,
        null,
        null,
        null,
        null,
        1,
        null,
        0,
        null,
        1,
        1,
        null,
        null,
        null,
        null,
        null,
        0,
        null,
        null,
        null,
        null,
        1,
        3,
        null,
        null,
        null,
        null,
        3,
        1,
        1,
        1,
        1,
        1,
        0,
        0,
        null,
        null,
        1,
        null,
        null,
        null,
        null,
        null,
        null,
        null,
        null
      ],
      "/home/portertech/projects/sensu/sensu/lib/sensu/daemon.rb": [
        1,
        null,
        1,
        null,
        1,
        1,
        1,
        1,
        1,
        1,
        1,
        null,
        1,
        1,
        null,
        1,
        1,
        1,
        1,
        1,
        null,
        1,
        1,
        1,
        1,
        null,
        1,
        null,
        1,
        1,
        1,
        null,
        1,
        50,
        50,
        50,
        50,
        50,
        50,
        null,
        null,
        1,
        95,
        95,
        null,
        null,
        1,
        145,
        1380,
        1380,
        null,
        null,
        null,
        1,
        95,
        95,
        95,
        95,
        0,
        0,
        0,
        0,
        null,
        null,
        null,
        1,
        50,
        50,
        50,
        50,
        500,
        500,
        null,
        null,
        null,
        1,
        52,
        52,
        null,
        null,
        1,
        45,
        null,
        null,
        1,
        0,
        null,
        null,
        1,
        0,
        null,
        null,
        1,
        0,
        0,
        0,
        null,
        null,
        1,
        0,
        0,
        0,
        0,
        null,
        null,
        0,
        0,
        0,
        0,
        0,
        null,
        null,
        null,
        null,
        1,
        68,
        68,
        68,
        null,
        null,
        null,
        68,
        68,
        68,
        0,
        0,
        null,
        68,
        68,
        0,
        0,
        null,
        null,
        68,
        0,
        0,
        null,
        null,
        null,
        1,
        59,
        59,
        59,
        0,
        0,
        null,
        59,
        59,
        0,
        0,
        null,
        null,
        59,
        0,
        0,
        null,
        null,
        null,
        1,
        null,
        1,
        2,
        2,
        1,
        null,
        null,
        1,
        1,
        1,
        null,
        null,
        null,
        1,
        0,
        0,
        0,
        0,
        0,
        0,
        null,
        0,
        0,
        0,
        0,
        0,
        0,
        0,
        null,
        null,
        null,
        null,
        null,
        null
      ],
      "/home/portertech/projects/sensu/sensu/lib/sensu/utilities.rb": [
        1,
        null,
        1,
        null,
        1,
        1,
        1,
        150,
        null,
        null,
        1,
        3,
        3,
        2,
        null,
        null,
        null,
        null,
        1,
        7,
        7,
        15,
        null,
        4,
        null,
        1,
        null,
        10,
        null,
        null,
        7,
        null,
        null,
        1,
        30,
        null,
        null,
        1,
        null,
        null,
        null,
        null,
        null,
        1682,
        1682,
        1682,
        2942,
        7,
        null,
        296,
        null,
        194,
        386,
        null,
        null,
        null,
        1682,
        null,
        null,
        null
      ],
      "/home/portertech/projects/sensu/sensu/lib/sensu/cli.rb": [
        1,
        1,
        null,
        1,
        1,
        1,
        4,
        4,
        4,
        0,
        0,
        null,
        4,
        0,
        0,
        null,
        4,
        1,
        null,
        4,
        1,
        null,
        4,
        1,
        null,
        4,
        1,
        null,
        4,
        2,
        2,
        1,
        1,
        null,
        1,
        null,
        4,
        2,
        null,
        4,
        1,
        null,
        4,
        1,
        null,
        null,
        4,
        3,
        null,
        null,
        null
      ],
      "/home/portertech/projects/sensu/sensu/lib/sensu/redis.rb": [
        1,
        null,
        1,
        null,
        1,
        1,
        1,
        59,
        59,
        59,
        59,
        0,
        0,
        0,
        null,
        null,
        59,
        null,
        null,
        null
      ],
      "/home/portertech/projects/sensu/sensu/lib/sensu/server/process.rb": [
        1,
        1,
        1,
        1,
        null,
        1,
        1,
        1,
        1,
        1,
        1,
        1,
        null,
        1,
        null,
        1,
        0,
        0,
        0,
        0,
        null,
        null,
        null,
        1,
        35,
        35,
        35,
        35,
        null,
        null,
        1,
        1,
        1,
        1,
        1,
        null,
        null,
        null,
        null,
        1,
        1,
        1,
        1,
        1,
        1,
        1,
        1,
        null,
        null,
        0,
        null,
        null,
        null,
        0,
        null,
        null,
        null,
        null,
        1,
        33,
        32,
        31,
        null,
        1,
        null,
        null,
        null,
        1,
        null,
        null,
        null,
        1,
        null,
        null,
        null,
        33,
        33,
        null,
        31,
        null,
        0,
        0,
        64,
        62,
        null,
        null,
        1,
        30,
        30,
        30,
        null,
        null,
        null,
        null,
        null,
        null,
        null,
        1,
        30,
        30,
        30,
        30,
        30,
        30,
        30,
        30,
        4,
        4,
        null,
        null,
        null,
        null,
        null,
        1,
        36,
        36,
        36,
        36,
        36,
        36,
        144,
        null,
        36,
        36,
        36,
        36,
        36,
        null,
        null,
        null,
        null,
        null,
        null,
        1,
        30,
        30,
        30,
        30,
        30,
        30,
        30,
        null,
        null,
        null,
        1,
        30,
        30,
        30,
        30,
        26,
        26,
        26,
        26,
        546,
        520,
        null,
        546,
        546,
        null,
        26,
        null,
        30,
        null,
        null,
        null,
        1,
        30,
        26,
        null,
        26,
        null,
        null,
        4,
        null,
        null,
        null,
        1,
        30,
        30,
        30,
        30,
        null,
        null,
        null,
        null,
        null,
        30,
        30,
        1,
        null,
        30,
        30,
        30,
        null,
        null,
        0,
        0,
        0,
        0,
        0,
        null,
        null,
        null,
        0,
        null,
        null,
        null,
        null,
        1,
        30,
        30,
        30,
        30,
        30,
        null,
        0,
        null,
        30,
        null,
        30,
        30,
        30,
        30,
        30,
        30,
        30,
        null,
        null,
        null,
        null,
        0,
        null,
        null,
        null,
        null,
        1,
        2,
        2,
        4,
        4,
        4,
        4,
        null,
        0,
        null,
        null,
        null,
        null,
        4,
        4,
        null,
        null,
        null,
        null,
        1,
        16,
        null,
        null,
        null,
        16,
        16,
        null,
        null,
        null,
        16,
        16,
        16,
        0,
        null,
        null,
        null,
        null,
        null,
        null,
        null,
        null,
        null,
        1,
        2,
        2,
        2,
        null,
        null,
        1,
        3,
        9,
        15,
        15,
        null,
        0,
        null,
        null,
        9,
        9,
        null,
        9,
        9,
        9,
        null,
        null,
        null,
        1,
        3,
        3,
        12,
        null,
        3,
        6,
        null,
        3,
        null,
        null,
        1,
        3,
        null,
        null,
        null,
        3,
        3,
        3,
        0,
        null,
        null,
        null,
        null,
        null,
        null,
        null,
        1,
        2,
        null,
        null,
        null,
        null,
        null,
        2,
        2,
        null,
        2,
        2,
        null,
        2,
        2,
        null,
        null,
        1,
        1,
        1,
        1,
        2,
        2,
        2,
        2,
        2,
        2,
        2,
        null,
        null,
        1,
        1,
        null,
        1,
        1,
        null,
        0,
        0,
        0,
        2,
        2,
        null,
        null,
        null,
        null,
        null,
        null,
        1,
        2,
        null,
        0,
        2,
        null,
        null,
        1,
        1,
        1,
        1,
        1,
        1,
        1,
        1,
        6,
        6,
        6,
        6,
        6,
        null,
        null,
        null,
        null,
        null,
        null,
        null,
        null,
        null,
        null,
        null,
        null,
        null,
        null,
        null,
        1,
        2,
        null,
        0,
        2,
        null,
        null,
        1,
        2,
        2,
        2,
        null,
        null,
        1,
        3,
        3,
        1,
        1,
        1,
        null,
        2,
        2,
        2,
        2,
        1,
        1,
        1,
        null,
        null,
        null,
        null,
        null,
        null,
        null,
        null,
        1,
        null,
        2,
        2,
        null,
        0,
        0,
        0,
        null,
        null,
        0,
        null,
        2,
        null,
        null,
        1,
        1,
        1,
        1,
        8,
        null,
        1,
        1,
        null,
        0,
        null,
        null,
        null,
        1,
        0,
        0,
        null,
        null,
        1,
        0,
        null,
        null,
        0,
        0,
        0,
        0,
        null,
        null,
        null,
        null,
        1,
        0,
        0,
        0,
        0,
        null,
        null,
        1,
        0,
        0,
        0,
        null,
        null,
        1,
        0,
        0,
        0,
        0,
        null,
        0,
        0,
        0,
        0,
        null,
        null,
        null,
        1,
        0,
        0,
        0,
        0,
        0,
        null,
        null,
        null,
        null,
        null,
        1,
        0,
        0,
        0,
        0,
        0,
        0,
        0,
        null,
        null,
        null,
        null,
        null,
        null
      ],
      "/home/portertech/projects/sensu/sensu/lib/sensu/server/filter.rb": [
        1,
        null,
        1,
        1,
        1,
        1,
        13,
        8,
        8,
        8,
        2,
        0,
        null,
        2,
        null,
        null,
        8,
        null,
        5,
        null,
        null,
        null,
        1,
        7,
        4,
        4,
        null,
        3,
        null,
        null,
        null,
        1,
        9,
        2,
        2,
        null,
        null,
        7,
        null,
        null,
        null,
        1,
        13,
        13,
        null,
        null,
        1,
        10,
        10,
        2,
        null,
        10,
        10,
        1,
        null,
        10,
        null,
        null,
        1,
        17,
        1,
        null,
        16,
        null,
        null,
        null,
        1,
        37,
        null,
        null,
        1,
        null,
        37,
        null,
        null,
        1,
        12,
        6,
        null,
        2,
        2,
        0,
        null,
        2,
        2,
        null,
        null,
        4,
        4,
        null,
        null,
        6,
        null,
        null,
        null,
        1,
        3,
        3,
        3,
        0,
        0,
        null,
        null,
        null,
        null,
        0,
        null,
        null,
        null,
        1,
        17,
        17,
        null,
        null,
        7,
        null,
        6,
        null,
        3,
        null,
        1,
        17,
        null,
        null,
        null,
        1,
        null,
        null,
        6,
        6,
        6,
        null,
        0,
        0,
        0,
        null,
        null,
        1,
        1,
        7,
        null,
        null,
        1,
        8,
        3,
        3,
        3,
        4,
        4,
        null,
        null,
        3,
        3,
        null,
        3,
        null,
        5,
        null,
        null,
        null,
        1,
        35,
        35,
        1,
        34,
        27,
        7,
        1,
        6,
        1,
        null,
        5,
        5,
        5,
        null,
        0,
        0,
        null,
        null,
        null,
        null,
        null,
        null,
        null
      ],
      "/home/portertech/projects/sensu/sensu/lib/sensu/server/sandbox.rb": [
        1,
        1,
        1,
        1,
        3,
        3,
        3,
        null,
        3,
        null,
        null,
        null,
        null
      ],
      "/home/portertech/projects/sensu/sensu/lib/sensu/server/mutate.rb": [
        1,
        1,
        1,
        1,
        9,
        9,
        7,
        null,
        2,
        2,
        null,
        null,
        null,
        null,
        null,
        2,
        null,
        null,
        null,
        null,
        1,
        2,
        2,
        2,
        null,
        null,
        1,
        7,
        7,
        null,
        null,
        1,
        10,
        null,
        null,
        2,
        2,
        null,
        7,
        7,
        null,
        1,
        null,
        null,
        1,
        10,
        null,
        null,
        null,
        null
      ],
      "/home/portertech/projects/sensu/sensu/lib/sensu/server/handle.rb": [
        1,
        null,
        1,
        1,
        1,
        1,
        2,
        0,
        null,
        null,
        null,
        null,
        0,
        null,
        null,
        null,
        1,
        1,
        1,
        1,
        null,
        null,
        null,
        1,
        null,
        null,
        null,
        1,
        1,
        1,
        1,
        1,
        1,
        null,
        1,
        1,
        1,
        1,
        1,
        1,
        null,
        0,
        0,
        null,
        null,
        null,
        1,
        1,
        1,
        1,
        1,
        1,
        null,
        0,
        0,
        null,
        null,
        null,
        1,
        1,
        1,
        1,
        1,
        1,
        0,
        null,
        null,
        null,
        1,
        null,
        null,
        1,
        5,
        5,
        null,
        null,
        null,
        5,
        null,
        null,
        null,
        1,
        9,
        null,
        1,
        null,
        1,
        null,
        1,
        null,
        1,
        null,
        5,
        null,
        null,
        null,
        1,
        9,
        9,
        null,
        null,
        null,
        9,
        null,
        null,
        null,
        null
      ],
      "/home/portertech/projects/sensu/sensu/lib/sensu/server/socket.rb": [
        1,
        1,
        1,
        1,
        null,
        1,
        1,
        1,
        null,
        null,
        1,
        1,
        1,
        1,
        0,
        null,
        1,
        null,
        null,
        0,
        null,
        null,
        null,
        null,
        null
      ],
      "/home/portertech/projects/sensu/sensu/lib/sensu/client/process.rb": [
        1,
        1,
        null,
        1,
        1,
        1,
        1,
        null,
        1,
        null,
        1,
        0,
        0,
        0,
        0,
        null,
        null,
        null,
        1,
        13,
        13,
        13,
        null,
        null,
        1,
        2,
        null,
        null,
        null,
        2,
        null,
        null,
        1,
        2,
        2,
        2,
        2,
        0,
        null,
        null,
        null,
        null,
        null,
        null,
        null,
        1,
        0,
        0,
        null,
        0,
        0,
        null,
        null,
        1,
        9,
        null,
        null,
        null,
        9,
        9,
        9,
        0,
        null,
        null,
        null,
        null,
        null,
        null,
        null,
        1,
        16,
        16,
        6,
        null,
        10,
        null,
        null,
        null,
        1,
        5,
        5,
        10,
        10,
        10,
        3,
        null,
        10,
        null,
        5,
        null,
        null,
        1,
        5,
        5,
        5,
        5,
        5,
        4,
        4,
        4,
        4,
        4,
        4,
        4,
        4,
        null,
        null,
        1,
        1,
        1,
        1,
        1,
        null,
        null,
        0,
        null,
        null,
        null,
        1,
        2,
        2,
        2,
        2,
        2,
        2,
        2,
        null,
        null,
        null,
        1,
        4,
        4,
        3,
        1,
        1,
        2,
        1,
        1,
        1,
        1,
        1,
        null,
        1,
        null,
        null,
        1,
        1,
        null,
        0,
        null,
        null,
        null,
        null,
        1,
        2,
        2,
        2,
        2,
        2,
        2,
        2,
        2,
        2,
        null,
        0,
        null,
        null,
        null,
        null,
        null,
        null,
        null,
        null,
        1,
        2,
        2,
        2,
        2,
        null,
        null,
        1,
        1,
        2,
        2,
        2,
        null,
        2,
        2,
        null,
        2,
        2,
        2,
        null,
        null,
        null,
        1,
        1,
        1,
        4,
        null,
        1,
        2,
        null,
        1,
        null,
        null,
        1,
        1,
        1,
        1,
        1,
        1,
        1,
        1,
        1,
        null,
        1,
        1,
        1,
        1,
        1,
        null,
        null,
        null,
        1,
        0,
        0,
        0,
        0,
        0,
        null,
        null,
        null,
        null,
        1,
        0,
        0,
        0,
        0,
        null,
        null,
        1,
        0,
        0,
        0,
        null,
        null,
        1,
        0,
        0,
        0,
        0,
        null,
        0,
        0,
        0,
        null,
        null,
        null,
        1,
        0,
        0,
        0,
        0,
        0,
        null,
        null,
        null,
        null,
        null,
        1,
        0,
        0,
        0,
        0,
        0,
        0,
        null,
        null,
        null,
        null,
        null
      ],
      "/home/portertech/projects/sensu/sensu/lib/sensu/client/socket.rb": [
        1,
        null,
        1,
        1,
        null,
        null,
        null,
        null,
        null,
        null,
        null,
        null,
        null,
        null,
        null,
        null,
        null,
        null,
        null,
        null,
        null,
        null,
        null,
        null,
        null,
        null,
        null,
        null,
        null,
        null,
        null,
        null,
        null,
        null,
        null,
        null,
        null,
        null,
        null,
        null,
        null,
        null,
        null,
        null,
        null,
        null,
        null,
        null,
        1,
        1,
        null,
        1,
        null,
        null,
        null,
        null,
        1,
        null,
        null,
        null,
        null,
        null,
        null,
        null,
        1,
        null,
        null,
        null,
        1,
        null,
        null,
        null,
        null,
        null,
        1,
        25,
        25,
        25,
        25,
        25,
        null,
        null,
        null,
        null,
        null,
        null,
        1,
        3,
        1,
        1,
        null,
        3,
        null,
        null,
        null,
        1,
        54,
        48,
        null,
        null,
        null,
        null,
        1,
        49,
        49,
        1,
        1,
        null,
        null,
        null,
        1,
        null,
        null,
        null,
        null,
        null,
        null,
        1,
        10,
        2,
        null,
        8,
        1,
        null,
        7,
        2,
        null,
        null,
        null,
        null,
        null,
        null,
        1,
        6,
        null,
        null,
        null,
        6,
        null,
        null,
        6,
        null,
        null,
        null,
        null,
        null,
        null,
        null,
        null,
        1,
        7,
        7,
        6,
        6,
        null,
        null,
        null,
        null,
        null,
        null,
        null,
        1,
        148,
        148,
        6,
        6,
        142,
        142,
        140,
        null,
        2,
        null,
        null,
        null,
        null,
        null,
        null,
        null,
        null,
        null,
        1,
        7110,
        1,
        1,
        149,
        2,
        2,
        null,
        147,
        null,
        null,
        147,
        147,
        1,
        1,
        null,
        null,
        null,
        1,
        null,
        null,
        null,
        null,
        null,
        null,
        null,
        null,
        null,
        null,
        1,
        146,
        146,
        null,
        3,
        null,
        143,
        49,
        null,
        143,
        143,
        null,
        null,
        null,
        null,
        null,
        null
      ]
    },
    "timestamp": 1420679010
  }
}
